

Microchip MPLAB XC8 Assembler V2.36 build 20220127204148 
                                                                                                           Wed Nov 09 05:40:36 2022


     1                           	processor	16F18326
     2                           	pagewidth 132
     3                           	psect	code,global,class=CODE,delta=2
     4                           	psect	powerup,global,class=CODE,delta=2
     5                           	psect	reset_vec,global,class=CODE,delta=2
     6                           	psect	maintext,global,class=CODE,delta=2
     7                           	psect	eeprom_data,global,class=EEDATA,space=3,delta=2,noexec
     8                           	psect	strings,global,reloc=256,class=CODE,delta=2
     9                           	psect	intentry,global,class=CODE,delta=2
    10                           	psect	functab,global,class=ENTRY,delta=2
    11                           	psect	init,global,class=CODE,delta=2
    12                           	psect	cinit,global,class=CODE,delta=2
    13                           	psect	text,global,class=CODE,delta=2
    14                           	psect	end_init,global,class=CODE,delta=2
    15                           	psect	clrtext,global,class=CODE,delta=2
    16                           	psect	stack,global,class=STACK,space=2,delta=1,noexec
    17                           	psect	heap,global,class=HEAP,space=7,delta=1,noexec
    18                           	psect	common,global,class=COMMON,space=1,delta=1
    19                           	psect	bank0,global,class=BANK0,space=1,delta=1
    20                           	psect	bank1,global,class=BANK1,space=1,delta=1
    21                           	psect	bank2,global,class=BANK2,space=1,delta=1
    22                           	psect	bank3,global,class=BANK3,space=1,delta=1
    23                           	psect	bank4,global,class=BANK4,space=1,delta=1
    24                           	psect	bank5,global,class=BANK5,space=1,delta=1
    25                           	psect	bank6,global,class=BANK6,space=1,delta=1
    26                           	psect	bank7,global,class=BANK7,space=1,delta=1
    27                           	psect	bank8,global,class=BANK8,space=1,delta=1
    28                           	psect	bank9,global,class=BANK9,space=1,delta=1
    29                           	psect	bank10,global,class=BANK10,space=1,delta=1
    30                           	psect	bank11,global,class=BANK11,space=1,delta=1
    31                           	psect	bank12,global,class=BANK12,space=1,delta=1
    32                           	psect	bank13,global,class=BANK13,space=1,delta=1
    33                           	psect	bank14,global,class=BANK14,space=1,delta=1
    34                           	psect	bank15,global,class=BANK15,space=1,delta=1
    35                           	psect	bank16,global,class=BANK16,space=1,delta=1
    36                           	psect	bank17,global,class=BANK17,space=1,delta=1
    37                           	psect	bank18,global,class=BANK18,space=1,delta=1
    38                           	psect	bank19,global,class=BANK19,space=1,delta=1
    39                           	psect	bank20,global,class=BANK20,space=1,delta=1
    40                           	psect	bank21,global,class=BANK21,space=1,delta=1
    41                           	psect	bank22,global,class=BANK22,space=1,delta=1
    42                           	psect	bank23,global,class=BANK23,space=1,delta=1
    43                           	psect	bank24,global,class=BANK24,space=1,delta=1
    44                           	psect	bank25,global,class=BANK25,space=1,delta=1
    45                           	psect	bank26,global,class=BANK26,space=1,delta=1
    46                           	psect	bank27,global,class=BANK27,space=1,delta=1
    47                           	psect	bank28,global,class=BANK28,space=1,delta=1
    48                           	psect	bank29,global,class=BANK29,space=1,delta=1
    49                           	psect	bank30,global,class=BANK30,space=1,delta=1
    50                           	psect	bank31,global,class=BANK31,space=1,delta=1
    51                           	psect	bigram,global,class=BIGRAM,space=1,delta=1
    52                           	psect	ram,global,class=RAM,space=1,delta=1
    53                           	psect	abs1,global,class=ABS1,space=1,delta=1
    54                           	psect	sfr0,global,class=SFR0,space=1,delta=1
    55                           	psect	sfr1,global,class=SFR1,space=1,delta=1
    56                           	psect	sfr2,global,class=SFR2,space=1,delta=1
    57                           	psect	sfr3,global,class=SFR3,space=1,delta=1
    58                           	psect	sfr4,global,class=SFR4,space=1,delta=1
    59                           	psect	sfr5,global,class=SFR5,space=1,delta=1
    60                           	psect	sfr6,global,class=SFR6,space=1,delta=1
    61                           	psect	sfr7,global,class=SFR7,space=1,delta=1
    62                           	psect	sfr8,global,class=SFR8,space=1,delta=1
    63                           	psect	sfr9,global,class=SFR9,space=1,delta=1
    64                           	psect	sfr10,global,class=SFR10,space=1,delta=1
    65                           	psect	sfr11,global,class=SFR11,space=1,delta=1
    66                           	psect	sfr12,global,class=SFR12,space=1,delta=1
    67                           	psect	sfr13,global,class=SFR13,space=1,delta=1
    68                           	psect	sfr14,global,class=SFR14,space=1,delta=1
    69                           	psect	sfr15,global,class=SFR15,space=1,delta=1
    70                           	psect	sfr16,global,class=SFR16,space=1,delta=1
    71                           	psect	sfr17,global,class=SFR17,space=1,delta=1
    72                           	psect	sfr18,global,class=SFR18,space=1,delta=1
    73                           	psect	sfr19,global,class=SFR19,space=1,delta=1
    74                           	psect	sfr20,global,class=SFR20,space=1,delta=1
    75                           	psect	sfr21,global,class=SFR21,space=1,delta=1
    76                           	psect	sfr22,global,class=SFR22,space=1,delta=1
    77                           	psect	sfr23,global,class=SFR23,space=1,delta=1
    78                           	psect	sfr24,global,class=SFR24,space=1,delta=1
    79                           	psect	sfr25,global,class=SFR25,space=1,delta=1
    80                           	psect	sfr26,global,class=SFR26,space=1,delta=1
    81                           	psect	sfr27,global,class=SFR27,space=1,delta=1
    82                           	psect	sfr28,global,class=SFR28,space=1,delta=1
    83                           	psect	sfr29,global,class=SFR29,space=1,delta=1
    84                           	psect	sfr30,global,class=SFR30,space=1,delta=1
    85                           	psect	sfr31,global,class=SFR31,space=1,delta=1
    86                           
    87                           	psect	reset_vec
    88  0000                     reset_vec:
    89                           
    90                           ; No powerup routine
    91                           ; jump to start
    92  0000  3180  2826         	ljmp	start
    93                           
    94                           	psect	maintext
    95                           
    96                           ; Microchip MPLAB XC8 C Compiler V2.36
    97                           ; Copyright (C) 2022 Microchip Technology Inc.
    98                           ; Auto-generated runtime startup code for final link stage.
    99                           ;
   100                           ; Compiler options:
   101                           ;
   102                           ; -q --opt=none --chip=16f18326 \
   103                           ; -Mdist/default/production/MaverickClock.X.production.map \
   104                           ; -DXPRJ_default=default -L--defsym=__MPLAB_BUILD=1 \
   105                           ; --dfp=C:/Users/henry/.mchp_packs/Microchip/PIC16F1xxxx_DFP/1.6.143/xc8 \
   106                           ; --double=32 --float=32 --opt=+1 --opt=+asmfile --addrqual=ignore -P \
   107                           ; --warn=-2 --asmlist --summary=-psect,-class,+mem,-hex,-file \
   108                           ; --output=+inhx32 --runtime=+clear --runtime=+init --runtime=+keep \
   109                           ; --runtime=-osccal --runtime=+resetbits --runtime=+resetbits \
   110                           ; --runtime=-download --runtime=-stackcall --runtime=+config --std=c99 \
   111                           ; --output=+elf:multilocs --stack=compiled:auto:auto --summary=+xml \
   112                           ; --summarydir=dist/default/production/memoryfile.xml \
   113                           ; -oMaverickClock.X.production.elf --objdir=dist/default/production \
   114                           ; --outdir=dist/default/production \
   115                           ; build/default/production/mcc_generated_files/pin_manager.p1 \
   116                           ; build/default/production/mcc_generated_files/device_config.p1 \
   117                           ; build/default/production/mcc_generated_files/tmr1.p1 \
   118                           ; build/default/production/mcc_generated_files/mcc.p1 \
   119                           ; build/default/production/mcc_generated_files/interrupt_manager.p1 \
   120                           ; build/default/production/mcc_generated_files/tmr3.p1 \
   121                           ; build/default/production/mcc_generated_files/tmr5.p1 \
   122                           ; build/default/production/mcc_generated_files/memory.p1 \
   123                           ; build/default/production/patternMode.p1 \
   124                           ; build/default/production/changeColorMode.p1 \
   125                           ; build/default/production/timeCalculation.p1 \
   126                           ; build/default/production/main.p1 build/default/production/ws2812b.p1 \
   127                           ; build/default/production/rotaryEncoder.p1 \
   128                           ; build/default/production/app.p1 build/default/production/clockLEDs.p1 \
   129                           ; build/default/production/CRC16bit.p1 \
   130                           ; build/default/production/nvmMirror.p1 --callgraph=none \
   131                           ; --errformat=%f:%l:%c: error: (%n) %s \
   132                           ; --warnformat=%f:%l:%c: warning: (%n) %s \
   133                           ; --msgformat=%f:%l:%c: advisory: (%n) %s
   134                           ;
   135  0000                     C	set	0
   136  0002                     Z	set	2
   137  0002                     PCL	set	2
   138  0000                     INDF	set	0
   139  000A                     
   140                           	psect	functab
   141  0000                     intlevel0:
   142  0000                     intlevel1:
   143  0000                     intlevel2:
   144  0000                     intlevel3:
   145  0000                     intlevel4:
   146  0000                     intlevel5:
   147                           
   148                           	psect	init
   149  0026                     start:
   150                           
   151                           ; Save the TO, PD bit states before they are cleared by clrwdt instruction
   152  0026  0020               	movlb	0	;select bank 0
   153  0027  0803               	movf	3,w
   154  0028  00A0               	movwf	32
   155                           
   156                           ;Initialize the stack pointer (FSR1)
   157  0000                     
   158                           	psect	end_init
   159  0029  3180  282B         	ljmp	start_initialization	;jump to C runtime clear & initialization
   160                           
   161                           	psect	clrtext
   162  0000                     INDF0	set	0
   163  0001                     INDF1	set	1
   164  0002                     PCL	set	2
   165  0003                     STATUS	set	3
   166  0004                     FSR0L	set	4
   167  0005                     FSR0H	set	5
   168  0006                     FSR1L	set	6
   169  0007                     FSR1H	set	7
   170  0008                     BSR	set	8
   171  0009                     WREG	set	9
   172  000A                     PCLATH	set	10
   173  000B                     INTCON	set	11
   174                           
   175                           	psect	stack
   176  0000                     ___sp:
   177  0000                     ___int_sp:
   178                           
   179                           	psect	heap
   180                           
   181                           ; No heap to be allocated


Microchip Technology PIC Macro Assembler V2.36 build 20220127204148 
Symbol Table                                                                                               Wed Nov 09 05:40:36 2022

               ___sp 0000                 _main 231E                 start 0026                STATUS 0003  
        ___resetbits 0020  start_initialization 002B          ___powerdown 0103            ___heap_hi 0000  
          ___heap_lo 0000            ___timeout 0104            ___stackhi 0000            ___stacklo 0000  
           ___int_sp 0000             intlevel0 0000             intlevel1 0000             intlevel2 0000  
           intlevel3 0000             intlevel4 0000             intlevel5 0000             reset_vec 0000  
